Threads: 16
Matrix Size: 512
Threads per Core: 16
Compilation cycles: 15686064
Threads: 16
Matrix Size: 512
Threads per Core: 16
Solution cycles: 178717
Threads: 16
Matrix Size: 1024
Threads per Core: 16
Compilation cycles: 62021024
Threads: 16
Matrix Size: 1024
Threads per Core: 16
Solution cycles: 275412
Threads: 16
Matrix Size: 2048
Threads per Core: 16
Compilation cycles: 247073884
Threads: 16
Matrix Size: 2048
Threads per Core: 16
Solution cycles: 468954
Threads: 16
Matrix Size: 4096
Threads per Core: 16
Compilation cycles: 985031265
Threads: 16
Matrix Size: 4096
Threads per Core: 16
Solution cycles: 856273
Threads: 16
Matrix Size: 8192
Threads per Core: 16
Compilation cycles: 3935369252
Threads: 16
Matrix Size: 8192
Threads per Core: 16
Solution cycles: 1630500
Threads: 16
Matrix Size: 16384
Threads per Core: 16
Compilation cycles: 15733491009
Threads: 16
Matrix Size: 16384
Threads per Core: 16
Solution cycles: 3177803
