Program is continuing to the compression algorithm
Program is continuing to the compression algorithm
Program is continuing to the compression algorithm
Program is continuing to the compression algorithm
Program is continuing to the compression algorithm
Program is continuing to the compression algorithm
Program is continuing to the compression algorithm
Program is continuing to the compression algorithm
Program is continuing to the compression algorithm
Matrix Size: 512
 Threads per Core: 64
Compression Cycles: 12829060  Time:3784
Solution    Cycles: 1838571  Time:542

Program is continuing to the compression algorithm
Program is continuing to the compression algorithm
Program is continuing to the compression algorithm
Program is continuing to the compression algorithm
Program is continuing to the compression algorithm
Program is continuing to the compression algorithm
Program is continuing to the compression algorithm
Program is continuing to the compression algorithm
Program is continuing to the compression algorithm
Matrix Size: 1024
 Threads per Core: 64
Compression Cycles: 35640375  Time:10509
Solution    Cycles: 6971639  Time:2056

Program is continuing to the compression algorithm
Program is continuing to the compression algorithm
Program is continuing to the compression algorithm
Program is continuing to the compression algorithm
Program is continuing to the compression algorithm
Program is continuing to the compression algorithm
Program is continuing to the compression algorithm
Program is continuing to the compression algorithm
Program is continuing to the compression algorithm
Matrix Size: 2048
 Threads per Core: 64
Compression Cycles: 130256067  Time:38399
Solution    Cycles: 43997582  Time:12970

Program is continuing to the compression algorithm
Program is continuing to the compression algorithm
Program is continuing to the compression algorithm
Program is continuing to the compression algorithm
Program is continuing to the compression algorithm
Program is continuing to the compression algorithm
Program is continuing to the compression algorithm
Program is continuing to the compression algorithm
Program is continuing to the compression algorithm
Matrix Size: 4096
 Threads per Core: 64
Compression Cycles: 493703553  Time:145537
Solution    Cycles: 109830031  Time:32377

Program is continuing to the compression algorithm
Program is continuing to the compression algorithm
Program is continuing to the compression algorithm
Program is continuing to the compression algorithm
Program is continuing to the compression algorithm
Program is continuing to the compression algorithm
Program is continuing to the compression algorithm
Program is continuing to the compression algorithm
Program is continuing to the compression algorithm
Matrix Size: 8192
 Threads per Core: 64
Compression Cycles: 1896109897  Time:558936
Solution    Cycles: 492767557  Time:145258

Program is continuing to the compression algorithm
Program is continuing to the compression algorithm
Program is continuing to the compression algorithm
Program is continuing to the compression algorithm
Program is continuing to the compression algorithm
Program is continuing to the compression algorithm
Program is continuing to the compression algorithm
Program is continuing to the compression algorithm
Program is continuing to the compression algorithm
Matrix Size: 16384
 Threads per Core: 64
Compression Cycles: 7503364315  Time:211834
Solution    Cycles: 1692084967  Time:498790

